  main.cpp
D:\QICQ\学习\计算机系统综合设计\mycomp\MyCompiler\code\structDefine.h(16,1): warning C4005: “ERROR”: 宏重定义
D:\Windows Kits\10\Include\10.0.18362.0\um\wingdi.h(118): message : 参见“ERROR”的前一个定义
D:\QICQ\学习\计算机系统综合设计\mycomp\MyCompiler\code\structDefine.h(106,23): warning C4101: “e”: 未引用的局部变量
D:\QICQ\学习\计算机系统综合设计\mycomp\MyCompiler\code\structDefine.h(115,23): warning C4101: “e”: 未引用的局部变量
D:\QICQ\学习\计算机系统综合设计\mycomp\MyCompiler\code\supportFunction.h(277,20): warning C4018: “<”: 有符号/无符号不匹配
D:\QICQ\学习\计算机系统综合设计\mycomp\MyCompiler\code\MyCodeGenerate.h(1,1): warning C4819: 该文件包含不能在当前代码页(936)中表示的字符。请将该文件保存为 Unicode 格式以防止数据丢失
D:\QICQ\学习\计算机系统综合设计\mycomp\MyCompiler\code\MyCodeGenerate.h(698,25): warning C4553: “==”: 未使用表达式结果；是否打算使用“=”?
D:\QICQ\学习\计算机系统综合设计\mycomp\MyCompiler\code\MyCodeGenerate.h(704,31): warning C4553: “==”: 未使用表达式结果；是否打算使用“=”?
D:\QICQ\学习\计算机系统综合设计\mycomp\MyCompiler\code\MyCodeGenerate.h(805,31): warning C4553: “==”: 未使用表达式结果；是否打算使用“=”?
D:\QICQ\学习\计算机系统综合设计\mycomp\MyCompiler\code\yaccHelp.h(130,23): warning C4018: “>”: 有符号/无符号不匹配
D:\QICQ\学习\计算机系统综合设计\mycomp\MyCompiler\code\yaccHelp.h(133,25): warning C4018: “>”: 有符号/无符号不匹配
D:\QICQ\学习\计算机系统综合设计\mycomp\MyCompiler\code\main.cpp(32,20): warning C4018: “<”: 有符号/无符号不匹配
D:\QICQ\学习\计算机系统综合设计\mycomp\MyCompiler\code\main.cpp(54,20): warning C4018: “<”: 有符号/无符号不匹配
  正在生成代码
  1 of 2454 functions (<0.1%) were compiled, the rest were copied from previous compilation.
    0 functions were new in current compilation
    5 functions had inline decision re-evaluated but remain unchanged
  已完成代码的生成
  MyCompiler.vcxproj -> D:\QICQ\学习\计算机系统综合设计\mycomp\MyCompiler\Release\MyCompiler.exe
